0 info it worked if it ends with ok
1 verbose cli [ 'C:\\Program Files\\nodejs\\\\node.exe',
1 verbose cli   'C:\\Program Files\\nodejs\\node_modules\\npm\\bin\\npm-cli.js',
1 verbose cli   'install' ]
2 info using npm@1.3.24
3 info using node@v0.10.25
4 verbose node symlink C:\Program Files\nodejs\\node.exe
5 warn package.json style-guide-example-basic@0.0.1 No description
6 warn package.json style-guide-example-basic@0.0.1 No repository field.
7 warn package.json style-guide-example-basic@0.0.1 No README data
8 verbose readDependencies using package.json deps
9 verbose install where, deps [ 'C:\\projects\\geta-styleguide\\src\\examples\\basic',
9 verbose install   [ 'grunt', 'grunt-style-guide' ] ]
10 info preinstall style-guide-example-basic@0.0.1
11 verbose readDependencies using package.json deps
12 verbose already installed skipping grunt@~0.4.5 C:\projects\geta-styleguide\src\examples\basic
13 verbose cache add [ 'grunt-style-guide@../../grunt-style-guide/tasks', null ]
14 verbose cache add name=undefined spec="grunt-style-guide@../../grunt-style-guide/tasks" args=["grunt-style-guide@../../grunt-style-guide/tasks",null]
15 verbose parsed url { protocol: null,
15 verbose parsed url   slashes: null,
15 verbose parsed url   auth: null,
15 verbose parsed url   host: null,
15 verbose parsed url   port: null,
15 verbose parsed url   hostname: null,
15 verbose parsed url   hash: null,
15 verbose parsed url   search: null,
15 verbose parsed url   query: null,
15 verbose parsed url   pathname: 'grunt-style-guide@../../grunt-style-guide/tasks',
15 verbose parsed url   path: 'grunt-style-guide@../../grunt-style-guide/tasks',
15 verbose parsed url   href: 'grunt-style-guide@../../grunt-style-guide/tasks' }
16 verbose cache add name="grunt-style-guide" spec="../../grunt-style-guide/tasks" args=["grunt-style-guide","../../grunt-style-guide/tasks"]
17 verbose parsed url { protocol: null,
17 verbose parsed url   slashes: null,
17 verbose parsed url   auth: null,
17 verbose parsed url   host: null,
17 verbose parsed url   port: null,
17 verbose parsed url   hostname: null,
17 verbose parsed url   hash: null,
17 verbose parsed url   search: null,
17 verbose parsed url   query: null,
17 verbose parsed url   pathname: '../../grunt-style-guide/tasks',
17 verbose parsed url   path: '../../grunt-style-guide/tasks',
17 verbose parsed url   href: '../../grunt-style-guide/tasks' }
18 verbose addNamed [ 'grunt-style-guide', '../../grunt-style-guide/tasks' ]
19 verbose addNamed [ null, null ]
20 silly lockFile ae9f7506-le-guide-grunt-style-guide-tasks grunt-style-guide@../../grunt-style-guide/tasks
21 verbose lock grunt-style-guide@../../grunt-style-guide/tasks C:\Users\Administrator\AppData\Roaming\npm-cache\ae9f7506-le-guide-grunt-style-guide-tasks.lock
22 info addNameTag [ 'grunt-style-guide', '../../grunt-style-guide/tasks' ]
23 verbose url raw grunt-style-guide
24 verbose url resolving [ 'https://registry.npmjs.org/', './grunt-style-guide' ]
25 verbose url resolved https://registry.npmjs.org/grunt-style-guide
26 info trying registry request attempt 1 at 14:42:47
27 http GET https://registry.npmjs.org/grunt-style-guide
28 http 404 https://registry.npmjs.org/grunt-style-guide
29 silly registry.get cb [ 404,
29 silly registry.get   { date: 'Mon, 23 Feb 2015 13:39:32 GMT',
29 silly registry.get     server: 'CouchDB/1.5.0 (Erlang OTP/R16B03)',
29 silly registry.get     'content-type': 'application/json',
29 silly registry.get     'cache-control': 'max-age=0',
29 silly registry.get     'content-length': '52',
29 silly registry.get     'accept-ranges': 'bytes',
29 silly registry.get     via: '1.1 varnish',
29 silly registry.get     age: '0',
29 silly registry.get     'x-served-by': 'cache-fra1239-FRA',
29 silly registry.get     'x-cache': 'MISS',
29 silly registry.get     'x-cache-hits': '0',
29 silly registry.get     'x-timer': 'S1424698772.263531,VS0,VE178',
29 silly registry.get     'keep-alive': 'timeout=10, max=50',
29 silly registry.get     connection: 'Keep-Alive' } ]
30 silly lockFile ae9f7506-le-guide-grunt-style-guide-tasks grunt-style-guide@../../grunt-style-guide/tasks
31 silly lockFile ae9f7506-le-guide-grunt-style-guide-tasks grunt-style-guide@../../grunt-style-guide/tasks
32 error 404 'grunt-style-guide' is not in the npm registry.
32 error 404 You should bug the author to publish it
32 error 404 It was specified as a dependency of 'style-guide-example-basic'
32 error 404
32 error 404 Note that you can also install from a
32 error 404 tarball, folder, or http url, or git url.
33 error System Windows_NT 6.2.9200
34 error command "C:\\Program Files\\nodejs\\\\node.exe" "C:\\Program Files\\nodejs\\node_modules\\npm\\bin\\npm-cli.js" "install"
35 error cwd C:\projects\geta-styleguide\src\examples\basic
36 error node -v v0.10.25
37 error npm -v 1.3.24
38 error code E404
39 verbose exit [ 1, true ]
